============================= test session starts ==============================
platform darwin -- Python 3.14.3, pytest-9.0.2, pluggy-1.6.0 -- /Users/ivananikin/Documents/Ivanek-Anakin/ANOTE_mobile/.venv/bin/python
cachedir: .pytest_cache
rootdir: /Users/ivananikin/Documents/Ivanek-Anakin/ANOTE_mobile
configfile: pytest.ini
plugins: anyio-4.12.1
collecting ... collected 10 items

backend/tests/test_prompt_fixes.py::test_no_song_or_offtopic_in_report[S Hurv\xednkem za l\xe9ka\u0159em   1  D\xedl   Nachlazen\xed] FAILED [ 10%]
backend/tests/test_prompt_fixes.py::test_no_song_or_offtopic_in_report[S Hurv\xednkem za l\xe9ka\u0159em   2  D\xedl   Zlomenina] PASSED [ 20%]
backend/tests/test_prompt_fixes.py::test_no_song_or_offtopic_in_report[S Hurv\xednkem za l\xe9ka\u0159em 08 Ang\xedna] PASSED [ 30%]
backend/tests/test_prompt_fixes.py::test_objective_findings_in_correct_section[S Hurv\xednkem za l\xe9ka\u0159em   1  D\xedl   Nachlazen\xed] PASSED [ 40%]
backend/tests/test_prompt_fixes.py::test_objective_findings_in_correct_section[S Hurv\xednkem za l\xe9ka\u0159em   2  D\xedl   Zlomenina] PASSED [ 50%]
backend/tests/test_prompt_fixes.py::test_objective_findings_in_correct_section[S Hurv\xednkem za l\xe9ka\u0159em 08 Ang\xedna] PASSED [ 60%]
backend/tests/test_prompt_fixes.py::test_objective_findings_in_correct_section[cz_objective_in_dialogue] FAILED [ 70%]
backend/tests/test_prompt_fixes.py::test_jar_allergy_no_pollen_inference FAILED [ 80%]
backend/tests/test_prompt_fixes.py::test_no_cooperation_boilerplate_when_absent PASSED [ 90%]
backend/tests/test_prompt_fixes.py::test_dosage_preserved_verbatim PASSED [100%]

=================================== FAILURES ===================================
_ test_no_song_or_offtopic_in_report[S Hurv\xednkem za l\xe9ka\u0159em   1  D\xedl   Nachlazen\xed] _

scenario_path = PosixPath('/Users/ivananikin/Documents/Ivanek-Anakin/ANOTE_mobile/testing_hurvinek/S Hurvínkem za lékařem   1  Díl   Nachlazení.txt')

    @pytest.mark.feedback_fixes
    @pytest.mark.parametrize("scenario_path", sorted(HURVINEK_DIR.glob("*.txt")), ids=lambda p: p.stem)
    def test_no_song_or_offtopic_in_report(scenario_path: Path) -> None:
        transcript = scenario_path.read_text(encoding="utf-8")
        report = _generate_report_for_path(scenario_path)
        no_section = _extract_section(report, "NO")
    
        banned_tokens = [
            "divadlo",
            "paní učitelka",
            "pani ucitelka",
            "slůně",
            "stůně",
            "la la",
        ]
        report_lower = report.lower()
        hit = next((tok for tok in banned_tokens if tok in report_lower), None)
>       assert hit is None, (
            f"Off-topic token '{hit}' detected in generated report for {scenario_path.name}.\n"
            f"=== NO section ===\n{no_section}\n\n=== Full report ===\n{report}"
        )
E       AssertionError: Off-topic token 'divadlo' detected in generated report for S Hurvínkem za lékařem   1  Díl   Nachlazení.txt.
E         === NO section ===
E         - Pacientka se ráno probudila s pocitem nemoci, udává, že jí není dobře, pravděpodobně začínající infekce dýchacích cest.
E         - Při školní akci (divadlo) kašlala a smrkala, rušila okolí, z divadla neměla žádný zážitek.
E         - Navrhováno otužování jako prevence, pacientka však nosí čepici a šálu, aby se neprochladila.
E         - Udává přítomnost kašle, rýmy, bolest hlavy, únavu.
E         - Neměřila si teplotu, zvýšenou teplotu neguje.
E         - Při vyšetření hmatné zvětšené krční uzliny.
E         - Bolest v krku, při vyšetření bolestivost při pohybu jazyka.
E         - Doprovodné příznaky: kýchání, rýma, kašel.
E         - Pacientka nemá horečku podle vlastního tvrzení, ale teplota byla změřena lékařem (hodnota neuvedena).
E         - Bolest hlavy udává, ale nevyšetřeno detailně.
E         - Pacientka je doporučena k odpočinku, teplému režimu a pravidelnému užívání předepsaných léků.
E         - Zvýšenou teplotu neguje (subjektivně), jiné závažné příznaky neuvedeny.
E         
E         === Full report ===
E         Lékařská zpráva
E         
E         Identifikace pacienta:
E         - Jméno: neuvedeno
E         - Věk / r. narození: neuvedeno
E         - Datum návštěvy: 02. 05. 2026
E         
E         NO (Nynější onemocnění):
E         - Pacientka se ráno probudila s pocitem nemoci, udává, že jí není dobře, pravděpodobně začínající infekce dýchacích cest.
E         - Při školní akci (divadlo) kašlala a smrkala, rušila okolí, z divadla neměla žádný zážitek.
E         - Navrhováno otužování jako prevence, pacientka však nosí čepici a šálu, aby se neprochladila.
E         - Udává přítomnost kašle, rýmy, bolest hlavy, únavu.
E         - Neměřila si teplotu, zvýšenou teplotu neguje.
E         - Při vyšetření hmatné zvětšené krční uzliny.
E         - Bolest v krku, při vyšetření bolestivost při pohybu jazyka.
E         - Doprovodné příznaky: kýchání, rýma, kašel.
E         - Pacientka nemá horečku podle vlastního tvrzení, ale teplota byla změřena lékařem (hodnota neuvedena).
E         - Bolest hlavy udává, ale nevyšetřeno detailně.
E         - Pacientka je doporučena k odpočinku, teplému režimu a pravidelnému užívání předepsaných léků.
E         - Zvýšenou teplotu neguje (subjektivně), jiné závažné příznaky neuvedeny.
E         
E         RA (Rodinná anamnéza):
E         - neuvedeno
E         
E         OA (Osobní anamnéza):
E         - neuvedeno
E         
E         FA (Farmakologická anamnéza / aktuální medikace):
E         - Předepsány léky na kašel, dávkování: 1 tableta 3× denně po jídle.
E         - Neuvedeno, zda užívá jiné léky.
E         
E         AA (Alergologická anamnéza):
E         - alergie neguje
E         
E         GA (Gynekologická/urologická anamnéza):
E         - neuvedeno
E         
E         SA (Sociální anamnéza):
E         - neuvedeno
E         
E         Adherence a spolupráce pacienta:
E         - Pacientka nechce zůstat doma v posteli, chce jít do školy/divadla.
E         - Léky má užívat pravidelně, pacientka byla poučena o nutnosti doužívat léčbu i po odeznění příznaků.
E         - Spolupráce s léčbou je doporučena, pacientka byla upozorněna na nutnost klidového režimu.
E         - Neuvedeno, zda pacientka režim a léčbu dodržuje.
E         
E         Objektivní nález:
E         - Hmatné zvětšené krční uzliny.
E         - Vyšetření fonendoskopem provedeno, nález neuveden detailně.
E         - Teplota změřena, hodnota neuvedena.
E         - Bolestivost v krku při vyšetření.
E         - Jiné fyzikální nálezy neuvedeny.
E         
E         Hodnocení (pracovní diagnóza / klinický závěr):
E         - Pravděpodobné akutní virové onemocnění dýchacích cest (nachlazení, chřipka).
E         - Zduření krčních uzlin jako známka zánětu.
E         - Nutnost klidového režimu a symptomatické léčby.
E         
E         Návrh vyšetření:
E         - Neuvedeno
E         
E         Návrh terapie:
E         - Léky na kašel, 1 tbl. 3× denně po jídle.
E         - Režimová opatření: klid na lůžku, teplý režim, dostatek tekutin.
E         - Doporučeno doužívat léky i po odeznění příznaků.
E         
E         Pokyny a plán kontrol:
E         - Kontrola odpoledne, lékař přijde pacientku zkontrolovat.
E         - Varovné příznaky neuvedeny.
E         - Doporučeno vyhledat lékaře při zhoršení stavu.
E         
E         
E       assert 'divadlo' is None

backend/tests/test_prompt_fixes.py:142: AssertionError
_____ test_objective_findings_in_correct_section[cz_objective_in_dialogue] _____

scenario_path = PosixPath('/Users/ivananikin/Documents/Ivanek-Anakin/ANOTE_mobile/test_scenarios/feedback_fixes/cz_objective_in_dialogue.txt')

    @pytest.mark.feedback_fixes
    @pytest.mark.parametrize(
        "scenario_path",
        sorted(HURVINEK_DIR.glob("*.txt")) + [FIXTURES_DIR / "cz_objective_in_dialogue.txt"],
        ids=lambda p: p.stem,
    )
    def test_objective_findings_in_correct_section(scenario_path: Path) -> None:
        report = _generate_report_for_path(scenario_path)
        no_section = _extract_section(report, "NO")
        obj_section = _extract_section(report, "OBJ")
    
        vital_pattern = r"\b(?:TK|TF|P|SpO2|TT|teplota)\s*[:=]?\s*\d"
    
        no_hits = re.findall(vital_pattern, no_section, flags=re.IGNORECASE)
>       assert not no_hits, (
            f"Vital-like measurements found under NO for {scenario_path.name}: {no_hits}.\n"
            f"=== NO section ===\n{no_section}\n\n=== Objektivní nález ===\n{obj_section}"
        )
E       AssertionError: Vital-like measurements found under NO for cz_objective_in_dialogue.txt: ['teplota 3'].
E         === NO section ===
E         - Hlavní problém: kašel trvající 3 dny, tlak na hrudi při hlubokém nádechu.
E         - Průběh potíží: kašel spíše suchý, ráno s trochou čirého hlenu, únava, noční buzení kvůli kašli, mírné škrábání v krku, bez zimnice, lehké bolesti svalů, dušnost při námaze (do schodů), v klidu dušnost neguje, zvýšenou teplotu neguje (teplota 36,8 °C).
E         
E         === Objektivní nález ===
E         - TK 145/90 mmHg
E         - Puls 78/min
E         - Teplota 36,8 °C
E         - SpO2 96 %
E         - Fyzikální nález: nad pravou plicní bází lehce oslabené dýchání, bez výrazných pískotů.
E       assert not ['teplota 3']

backend/tests/test_prompt_fixes.py:170: AssertionError
_____________________ test_jar_allergy_no_pollen_inference _____________________

    @pytest.mark.feedback_fixes
    def test_jar_allergy_no_pollen_inference() -> None:
        scenario_path = FIXTURES_DIR / "cz_jar_allergy.txt"
        report = _generate_report_for_path(scenario_path)
        aa_section = _extract_section(report, "AA")
    
        banned_pollen_terms = ["pyl", "pylov", "sezónní alergi", "sezonni alergi"]
        lower_report = report.lower()
        hit = next((term for term in banned_pollen_terms if term in lower_report), None)
        assert hit is None, (
            f"Potential pollen hallucination term '{hit}' found for JAR allergy fixture.\n"
            f"=== AA section ===\n{aa_section}\n\n=== Full report ===\n{report}"
        )
    
        aa_lower = aa_section.lower()
>       assert ("jar" in aa_lower) or ("neuvedeno" in aa_lower), (
            "AA section must contain literal JAR/jar or be 'neuvedeno'.\n"
            f"=== AA section ===\n{aa_section}"
        )
E       AssertionError: AA section must contain literal JAR/jar or be 'neuvedeno'.
E         === AA section ===
E         - Alergie na léky a potraviny negována.
E       assert ('jar' in '- alergie na léky a potraviny negována.' or 'neuvedeno' in '- alergie na léky a potraviny negována.')

backend/tests/test_prompt_fixes.py:197: AssertionError
=============================== warnings summary ===============================
backend/tests/test_prompt_fixes.py::test_no_song_or_offtopic_in_report[S Hurv\xednkem za l\xe9ka\u0159em   1  D\xedl   Nachlazen\xed]
  /Users/ivananikin/Documents/Ivanek-Anakin/ANOTE_mobile/.venv/lib/python3.14/site-packages/openai/_compat.py:48: UserWarning: Core Pydantic V1 functionality isn't compatible with Python 3.14 or greater.
    from pydantic.v1.typing import (

-- Docs: https://docs.pytest.org/en/stable/how-to/capture-warnings.html
=========================== short test summary info ============================
FAILED backend/tests/test_prompt_fixes.py::test_no_song_or_offtopic_in_report[S Hurv\xednkem za l\xe9ka\u0159em   1  D\xedl   Nachlazen\xed]
FAILED backend/tests/test_prompt_fixes.py::test_objective_findings_in_correct_section[cz_objective_in_dialogue]
FAILED backend/tests/test_prompt_fixes.py::test_jar_allergy_no_pollen_inference
=================== 3 failed, 7 passed, 1 warning in 38.49s ====================
