============================= test session starts ==============================
platform darwin -- Python 3.14.3, pytest-9.0.2, pluggy-1.6.0 -- /Users/ivananikin/Documents/Ivanek-Anakin/ANOTE_mobile/.venv/bin/python
cachedir: .pytest_cache
rootdir: /Users/ivananikin/Documents/Ivanek-Anakin/ANOTE_mobile
configfile: pytest.ini
plugins: anyio-4.12.1
collecting ... collected 10 items

backend/tests/test_prompt_fixes.py::test_no_song_or_offtopic_in_report[S Hurv\xednkem za l\xe9ka\u0159em   1  D\xedl   Nachlazen\xed] PASSED [ 10%]
backend/tests/test_prompt_fixes.py::test_no_song_or_offtopic_in_report[S Hurv\xednkem za l\xe9ka\u0159em   2  D\xedl   Zlomenina] PASSED [ 20%]
backend/tests/test_prompt_fixes.py::test_no_song_or_offtopic_in_report[S Hurv\xednkem za l\xe9ka\u0159em 08 Ang\xedna] PASSED [ 30%]
backend/tests/test_prompt_fixes.py::test_objective_findings_in_correct_section[S Hurv\xednkem za l\xe9ka\u0159em   1  D\xedl   Nachlazen\xed] PASSED [ 40%]
backend/tests/test_prompt_fixes.py::test_objective_findings_in_correct_section[S Hurv\xednkem za l\xe9ka\u0159em   2  D\xedl   Zlomenina] PASSED [ 50%]
backend/tests/test_prompt_fixes.py::test_objective_findings_in_correct_section[S Hurv\xednkem za l\xe9ka\u0159em 08 Ang\xedna] PASSED [ 60%]
backend/tests/test_prompt_fixes.py::test_objective_findings_in_correct_section[cz_objective_in_dialogue] PASSED [ 70%]
backend/tests/test_prompt_fixes.py::test_jar_allergy_no_pollen_inference FAILED [ 80%]
backend/tests/test_prompt_fixes.py::test_no_cooperation_boilerplate_when_absent PASSED [ 90%]
backend/tests/test_prompt_fixes.py::test_dosage_preserved_verbatim PASSED [100%]

=================================== FAILURES ===================================
_____________________ test_jar_allergy_no_pollen_inference _____________________

    @pytest.mark.feedback_fixes
    def test_jar_allergy_no_pollen_inference() -> None:
        scenario_path = FIXTURES_DIR / "cz_jar_allergy.txt"
        report = _generate_report_for_path(scenario_path)
        aa_section = _extract_section(report, "AA")
    
        banned_pollen_terms = ["pyl", "pylov", "sezónní alergi", "sezonni alergi"]
        lower_report = report.lower()
        hit = next((term for term in banned_pollen_terms if term in lower_report), None)
        assert hit is None, (
            f"Potential pollen hallucination term '{hit}' found for JAR allergy fixture.\n"
            f"=== AA section ===\n{aa_section}\n\n=== Full report ===\n{report}"
        )
    
        aa_lower = aa_section.lower()
>       assert ("jar" in aa_lower) or ("neuvedeno" in aa_lower), (
            "AA section must contain literal JAR/jar or be 'neuvedeno'.\n"
            f"=== AA section ===\n{aa_section}"
        )
E       AssertionError: AA section must contain literal JAR/jar or be 'neuvedeno'.
E         === AA section ===
E         - Alergie na léky a potraviny popírá.
E       assert ('jar' in '- alergie na léky a potraviny popírá.' or 'neuvedeno' in '- alergie na léky a potraviny popírá.')

backend/tests/test_prompt_fixes.py:197: AssertionError
=============================== warnings summary ===============================
backend/tests/test_prompt_fixes.py::test_no_song_or_offtopic_in_report[S Hurv\xednkem za l\xe9ka\u0159em   1  D\xedl   Nachlazen\xed]
  /Users/ivananikin/Documents/Ivanek-Anakin/ANOTE_mobile/.venv/lib/python3.14/site-packages/openai/_compat.py:48: UserWarning: Core Pydantic V1 functionality isn't compatible with Python 3.14 or greater.
    from pydantic.v1.typing import (

-- Docs: https://docs.pytest.org/en/stable/how-to/capture-warnings.html
=========================== short test summary info ============================
FAILED backend/tests/test_prompt_fixes.py::test_jar_allergy_no_pollen_inference
=================== 1 failed, 9 passed, 1 warning in 36.57s ====================
