============================= test session starts ==============================
platform darwin -- Python 3.14.3, pytest-9.0.2, pluggy-1.6.0 -- /Users/ivananikin/Documents/Ivanek-Anakin/ANOTE_mobile/.venv/bin/python
cachedir: .pytest_cache
rootdir: /Users/ivananikin/Documents/Ivanek-Anakin/ANOTE_mobile
configfile: pytest.ini
plugins: anyio-4.12.1
collecting ... collected 11 items

backend/tests/test_prompt_fixes.py::test_no_song_or_offtopic_in_report[S Hurv\xednkem za l\xe9ka\u0159em   1  D\xedl   Nachlazen\xed] PASSED [  9%]
backend/tests/test_prompt_fixes.py::test_no_song_or_offtopic_in_report[S Hurv\xednkem za l\xe9ka\u0159em   2  D\xedl   Zlomenina] PASSED [ 18%]
backend/tests/test_prompt_fixes.py::test_no_song_or_offtopic_in_report[S Hurv\xednkem za l\xe9ka\u0159em 08 Ang\xedna] PASSED [ 27%]
backend/tests/test_prompt_fixes.py::test_objective_findings_in_correct_section[S Hurv\xednkem za l\xe9ka\u0159em   1  D\xedl   Nachlazen\xed] PASSED [ 36%]
backend/tests/test_prompt_fixes.py::test_objective_findings_in_correct_section[S Hurv\xednkem za l\xe9ka\u0159em   2  D\xedl   Zlomenina] PASSED [ 45%]
backend/tests/test_prompt_fixes.py::test_objective_findings_in_correct_section[S Hurv\xednkem za l\xe9ka\u0159em 08 Ang\xedna] PASSED [ 54%]
backend/tests/test_prompt_fixes.py::test_objective_findings_in_correct_section[cz_objective_in_dialogue] PASSED [ 63%]
backend/tests/test_prompt_fixes.py::test_jar_allergy_no_pollen_inference PASSED [ 72%]
backend/tests/test_prompt_fixes.py::test_jar_allergy_aa_section_names_jar_strict XFAIL [ 81%]
backend/tests/test_prompt_fixes.py::test_no_cooperation_boilerplate_when_absent FAILED [ 90%]
backend/tests/test_prompt_fixes.py::test_dosage_preserved_verbatim PASSED [100%]

=================================== FAILURES ===================================
_________________ test_no_cooperation_boilerplate_when_absent __________________

    @pytest.mark.feedback_fixes
    def test_no_cooperation_boilerplate_when_absent() -> None:
        scenario_path = FIXTURES_DIR / "cz_quiet_compliant.txt"
        report = _generate_report_for_path(scenario_path)
        adh_section = _extract_section(report, "ADH")
        adh_lower = adh_section.lower()
    
        banned = ["spolupráce dobrá", "rezim dodrzuje", "režim dodržuje", "bere léky pravidelně"]
        has_banned = any(token in adh_lower for token in banned)
    
>       assert ("neuvedeno" in adh_lower) or (not has_banned), (
            "Adherence section contains cooperation boilerplate despite absent source dialogue.\n"
            f"=== Adherence a spolupráce pacienta ===\n{adh_section}\n\n=== Full report ===\n{report}"
        )
E       AssertionError: Adherence section contains cooperation boilerplate despite absent source dialogue.
E         === Adherence a spolupráce pacienta ===
E         - Spolupráce dobrá, pacient rozumí doporučením.
E         
E         === Full report ===
E         Lékařská zpráva
E         
E         Identifikace pacienta:
E         - Jméno: neuvedeno
E         - Věk / r. narození: neuvedeno
E         - Datum návštěvy: 02. 05. 2026
E         
E         NO (Nynější onemocnění):
E         - Bolesti hlavy v čele a za očima trvající asi 1 týden, téměř každý den.
E         - Charakter bolesti spíše tlak, odpoledne horší, ráno snesitelná.
E         - Zvýšenou teplotu neguje, zvracení neguje, poruchu vidění neguje.
E         - Občasná porucha soustředění.
E         - Spánek zhoršený, budí se kolem 3. hodiny ranní.
E         - Úraz hlavy popírá.
E         
E         RA (Rodinná anamnéza):
E         - Otec léčený pro hypertenzi.
E         - Migréna v rodině neguje.
E         
E         OA (Osobní anamnéza):
E         - Neurologicky bez ložiskového nálezu.
E         - Úraz hlavy neguje.
E         
E         FA (Farmakologická anamnéza / aktuální medikace):
E         - Občasné užívání ibuprofenu 400 mg dle potřeby.
E         
E         AA (Alergologická anamnéza):
E         - Alergie na léky neguje.
E         
E         GA (Gynekologická/urologická anamnéza):
E         - neuvedeno
E         
E         SA (Sociální anamnéza):
E         - neuvedeno
E         
E         Adherence a spolupráce pacienta:
E         - Spolupráce dobrá, pacient rozumí doporučením.
E         
E         Objektivní nález:
E         - TK 142/88 mmHg, puls 80/min.
E         - Neurologicky bez ložiskového nálezu.
E         
E         Hodnocení (pracovní diagnóza / klinický závěr):
E         - Neuvedeno.
E         
E         Návrh vyšetření:
E         - Laboratorní odběry.
E         
E         Návrh terapie:
E         - Krátkodobé analgetikum (ibuprofen) při bolesti.
E         - Doplnit pitný režim.
E         - Omezit práci u monitoru bez přestávek.
E         
E         Pokyny a plán kontrol:
E         - Kontrola za 10 dní.
E         - Okamžitá návštěva při náhlé silné bolesti, poruše řeči nebo slabosti končetin.
E       assert ('neuvedeno' in '- spolupráce dobrá, pacient rozumí doporučením.' or not True)

backend/tests/test_prompt_fixes.py:240: AssertionError
=============================== warnings summary ===============================
backend/tests/test_prompt_fixes.py::test_no_song_or_offtopic_in_report[S Hurv\xednkem za l\xe9ka\u0159em   1  D\xedl   Nachlazen\xed]
  /Users/ivananikin/Documents/Ivanek-Anakin/ANOTE_mobile/.venv/lib/python3.14/site-packages/openai/_compat.py:48: UserWarning: Core Pydantic V1 functionality isn't compatible with Python 3.14 or greater.
    from pydantic.v1.typing import (

-- Docs: https://docs.pytest.org/en/stable/how-to/capture-warnings.html
=========================== short test summary info ============================
FAILED backend/tests/test_prompt_fixes.py::test_no_cooperation_boilerplate_when_absent
============== 1 failed, 9 passed, 1 xfailed, 1 warning in 38.49s ==============
