============================= test session starts ==============================
platform darwin -- Python 3.14.3, pytest-9.0.2, pluggy-1.6.0 -- /Users/ivananikin/Documents/Ivanek-Anakin/ANOTE_mobile/.venv/bin/python
cachedir: .pytest_cache
rootdir: /Users/ivananikin/Documents/Ivanek-Anakin/ANOTE_mobile
configfile: pytest.ini
plugins: anyio-4.12.1
collecting ... collected 11 items

tests/test_prompt_fixes.py::test_no_song_or_offtopic_in_report[S Hurv\xednkem za l\xe9ka\u0159em   1  D\xedl   Nachlazen\xed] FAILED [  9%]
tests/test_prompt_fixes.py::test_no_song_or_offtopic_in_report[S Hurv\xednkem za l\xe9ka\u0159em   2  D\xedl   Zlomenina] PASSED [ 18%]
tests/test_prompt_fixes.py::test_no_song_or_offtopic_in_report[S Hurv\xednkem za l\xe9ka\u0159em 08 Ang\xedna] PASSED [ 27%]
tests/test_prompt_fixes.py::test_objective_findings_in_correct_section[S Hurv\xednkem za l\xe9ka\u0159em   1  D\xedl   Nachlazen\xed] PASSED [ 36%]
tests/test_prompt_fixes.py::test_objective_findings_in_correct_section[S Hurv\xednkem za l\xe9ka\u0159em   2  D\xedl   Zlomenina] PASSED [ 45%]
tests/test_prompt_fixes.py::test_objective_findings_in_correct_section[S Hurv\xednkem za l\xe9ka\u0159em 08 Ang\xedna] PASSED [ 54%]
tests/test_prompt_fixes.py::test_objective_findings_in_correct_section[cz_objective_in_dialogue] FAILED [ 63%]
tests/test_prompt_fixes.py::test_jar_allergy_no_pollen_inference PASSED  [ 72%]
tests/test_prompt_fixes.py::test_jar_allergy_aa_section_names_jar_strict XFAIL [ 81%]
tests/test_prompt_fixes.py::test_no_cooperation_boilerplate_when_absent FAILED [ 90%]
tests/test_prompt_fixes.py::test_dosage_preserved_verbatim PASSED        [100%]

=================================== FAILURES ===================================
_ test_no_song_or_offtopic_in_report[S Hurv\xednkem za l\xe9ka\u0159em   1  D\xedl   Nachlazen\xed] _

scenario_path = PosixPath('/Users/ivananikin/Documents/Ivanek-Anakin/ANOTE_mobile/testing_hurvinek/S Hurvínkem za lékařem   1  Díl   Nachlazení.txt')

    @pytest.mark.feedback_fixes
    @pytest.mark.parametrize("scenario_path", sorted(HURVINEK_DIR.glob("*.txt")), ids=lambda p: p.stem)
    def test_no_song_or_offtopic_in_report(scenario_path: Path) -> None:
        transcript = scenario_path.read_text(encoding="utf-8")
        report = _generate_report_for_path(scenario_path)
        no_section = _extract_section(report, "NO")
    
        banned_tokens = [
            "divadlo",
            "paní učitelka",
            "pani ucitelka",
            "slůně",
            "stůně",
            "la la",
        ]
        report_lower = report.lower()
        hit = next((tok for tok in banned_tokens if tok in report_lower), None)
>       assert hit is None, (
            f"Off-topic token '{hit}' detected in generated report for {scenario_path.name}.\n"
            f"=== NO section ===\n{no_section}\n\n=== Full report ===\n{report}"
        )
E       AssertionError: Off-topic token 'divadlo' detected in generated report for S Hurvínkem za lékařem   1  Díl   Nachlazení.txt.
E         === NO section ===
E         - Pacientka se dnes ráno probudila s pocitem, že jí není dobře, pravděpodobně začínající nemoc. Přesto šla do divadla, kde kašlala a smrkala, což rušilo okolí a z divadla neměla užitek.
E         - Trvání potíží: od rána téhož dne.
E         - Příznaky: kašel, rýma, pocit nemoci, bolest hlavy, úzliny na krku, nechutenství k měření teploty, teplota nebyla změřena, ale pravděpodobně zvýšená.
E         - Provokační/úlevové faktory: pacientka byla navržena otužování (sundání čepice a šály), ale matka trvá na teplém oblečení.
E         - Doprovodné příznaky: bolest hlavy, pocení, rýma, únava.
E         - Negace: zvýšenou teplotu neguje (neměřila si teplotu, ale lékař předpokládá zvýšenou teplotu).
E         - Pacientka nemá zkušenosti s měřením teploty.
E         - Pacientka byla vyšetřena lékařem, který potvrdil přítomnost hmatných zvětšených uzlin na krku.
E         - Pacientka byla upozorněna, že s chřipkou by neměla chodit mezi lidi, aby nenakazila okolí.
E         - Pacientka byla poučena o nutnosti léčby a režimu klidu a tepla.
E         
E         === Full report ===
E         Lékařská zpráva
E         
E         Identifikace pacienta:
E         - Jméno: neuvedeno
E         - Věk / r. narození: neuvedeno
E         - Datum návštěvy: 03. 05. 2026
E         
E         NO (Nynější onemocnění):
E         - Pacientka se dnes ráno probudila s pocitem, že jí není dobře, pravděpodobně začínající nemoc. Přesto šla do divadla, kde kašlala a smrkala, což rušilo okolí a z divadla neměla užitek.
E         - Trvání potíží: od rána téhož dne.
E         - Příznaky: kašel, rýma, pocit nemoci, bolest hlavy, úzliny na krku, nechutenství k měření teploty, teplota nebyla změřena, ale pravděpodobně zvýšená.
E         - Provokační/úlevové faktory: pacientka byla navržena otužování (sundání čepice a šály), ale matka trvá na teplém oblečení.
E         - Doprovodné příznaky: bolest hlavy, pocení, rýma, únava.
E         - Negace: zvýšenou teplotu neguje (neměřila si teplotu, ale lékař předpokládá zvýšenou teplotu).
E         - Pacientka nemá zkušenosti s měřením teploty.
E         - Pacientka byla vyšetřena lékařem, který potvrdil přítomnost hmatných zvětšených uzlin na krku.
E         - Pacientka byla upozorněna, že s chřipkou by neměla chodit mezi lidi, aby nenakazila okolí.
E         - Pacientka byla poučena o nutnosti léčby a režimu klidu a tepla.
E         
E         RA (Rodinná anamnéza):
E         - neuvedeno
E         
E         OA (Osobní anamnéza):
E         - neuvedeno
E         
E         FA (Farmakologická anamnéza / aktuální medikace):
E         - Pacientce byly předepsány léky na kašel, dávkování: 1 tableta třikrát denně po jídle.
E         - neuvedeno, zda léky již užívá.
E         
E         AA (Alergologická anamnéza):
E         - alergie neguje
E         
E         GA (Gynekologická/urologická anamnéza):
E         - neuvedeno
E         
E         SA (Sociální anamnéza):
E         - neuvedeno
E         
E         Adherence a spolupráce pacienta:
E         - Pacientka vyjadřuje nechuť k užívání léků a k odpočinku v posteli, přesto byla poučena o nutnosti pravidelného užívání léků a klidového režimu.
E         - Spolupráce je částečná, pacientka se těší na divadlo a nechce zůstat doma, ale lékař doporučil klid a léčbu.
E         - neuvedeno, zda pacientka dodržuje režim.
E         
E         Objektivní nález:
E         - Hmatné zvětšené uzliny na krku.
E         - Poslech plic fonendoskopem proveden, nález neuveden detailně.
E         - Teplota nebyla změřena, ale lékař předpokládá zvýšenou.
E         - Neuvedeny další fyzikální nálezy.
E         
E         Hodnocení (pracovní diagnóza / klinický závěr):
E         - Pracovní diagnóza: nachlazení, pravděpodobně chřipka.
E         - Doporučení: klid, teplo, pravidelné užívání předepsaných léků.
E         
E         Návrh vyšetření:
E         - Neuvedeno.
E         
E         Návrh terapie:
E         - Předepsány léky na kašel, 1 tableta 3× denně po jídle.
E         - Režimová opatření: klid na lůžku, teplé oblečení, vyhýbat se kontaktu s ostatními, otužování není vhodné v akutní fázi onemocnění.
E         
E         Pokyny a plán kontrol:
E         - Kontrola odpoledne téhož dne.
E         - Varovné příznaky neuvedeny.
E         - Návrat při zhoršení stavu.
E         
E         
E       assert 'divadlo' is None

tests/test_prompt_fixes.py:142: AssertionError
_____ test_objective_findings_in_correct_section[cz_objective_in_dialogue] _____

scenario_path = PosixPath('/Users/ivananikin/Documents/Ivanek-Anakin/ANOTE_mobile/test_scenarios/feedback_fixes/cz_objective_in_dialogue.txt')

    @pytest.mark.feedback_fixes
    @pytest.mark.parametrize(
        "scenario_path",
        sorted(HURVINEK_DIR.glob("*.txt")) + [FIXTURES_DIR / "cz_objective_in_dialogue.txt"],
        ids=lambda p: p.stem,
    )
    def test_objective_findings_in_correct_section(scenario_path: Path) -> None:
        report = _generate_report_for_path(scenario_path)
        no_section = _extract_section(report, "NO")
        obj_section = _extract_section(report, "OBJ")
    
        vital_pattern = r"\b(?:TK|TF|P|SpO2|TT|teplota)\s*[:=]?\s*\d"
    
        no_hits = re.findall(vital_pattern, no_section, flags=re.IGNORECASE)
>       assert not no_hits, (
            f"Vital-like measurements found under NO for {scenario_path.name}: {no_hits}.\n"
            f"=== NO section ===\n{no_section}\n\n=== Objektivní nález ===\n{obj_section}"
        )
E       AssertionError: Vital-like measurements found under NO for cz_objective_in_dialogue.txt: ['teplota 3'].
E         === NO section ===
E         - Hlavní problém: kašel trvající 3 dny, tlak na hrudi při hlubokém nádechu.
E         - Průběh: kašel spíše suchý, ráno jen trochu čirého hlenu, únava, noční buzení kvůli kašli, mírné škrábání v krku, bez zimnice, svaly lehce bolí, dušnost při námaze (do schodů), v klidu bez dušnosti.
E         - Negace: zvýšenou teplotu neguje (teplota 36,8 °C), dušnost v klidu neguje, zimnici neguje, alergie na léky neguje.
E         
E         === Objektivní nález ===
E         - TK 145/90 mmHg
E         - Puls 78/min
E         - Teplota 36,8 °C
E         - Saturace kyslíku 96 %
E         - Fyzikální nález: nad pravou plicní bází lehce oslabené dýchání, bez výrazných pískotů.
E       assert not ['teplota 3']

tests/test_prompt_fixes.py:170: AssertionError
_________________ test_no_cooperation_boilerplate_when_absent __________________

    @pytest.mark.feedback_fixes
    def test_no_cooperation_boilerplate_when_absent() -> None:
        scenario_path = FIXTURES_DIR / "cz_quiet_compliant.txt"
        report = _generate_report_for_path(scenario_path)
        adh_section = _extract_section(report, "ADH")
        adh_lower = adh_section.lower()
    
        banned = ["spolupráce dobrá", "rezim dodrzuje", "režim dodržuje", "bere léky pravidelně"]
        has_banned = any(token in adh_lower for token in banned)
    
>       assert ("neuvedeno" in adh_lower) or (not has_banned), (
            "Adherence section contains cooperation boilerplate despite absent source dialogue.\n"
            f"=== Adherence a spolupráce pacienta ===\n{adh_section}\n\n=== Full report ===\n{report}"
        )
E       AssertionError: Adherence section contains cooperation boilerplate despite absent source dialogue.
E         === Adherence a spolupráce pacienta ===
E         - Spolupráce dobrá, pacient rozumí doporučením.
E         
E         === Full report ===
E         Lékařská zpráva
E         
E         Identifikace pacienta:
E         - Jméno: neuvedeno
E         - Věk / r. narození: neuvedeno
E         - Datum návštěvy: 03. 05. 2026
E         
E         NO (Nynější onemocnění):
E         - Bolesti hlavy v čele a za očima trvající asi týden, spíše tlaková bolest, odpoledne horší, ráno snesitelná.
E         - Zvýšenou teplotu neguje, zvracení neguje, poruchu vidění neguje, občasné zhoršení soustředění.
E         - Spánek narušen, budí se kolem třetí ráno.
E         - Úraz hlavy neguje.
E         
E         RA (Rodinná anamnéza):
E         - Otec léčený pro hypertenzi.
E         - Migrénu v rodině neuvedeno / neguje.
E         
E         OA (Osobní anamnéza):
E         - Neuvedeno.
E         
E         FA (Farmakologická anamnéza / aktuální medikace):
E         - Občas užívá ibuprofen 400 mg při bolesti.
E         
E         AA (Alergologická anamnéza):
E         - Alergie na léky neguje.
E         
E         GA (Gynekologická/urologická anamnéza):
E         - Neuvedeno.
E         
E         SA (Sociální anamnéza):
E         - Neuvedeno.
E         
E         Adherence a spolupráce pacienta:
E         - Spolupráce dobrá, pacient rozumí doporučením.
E         
E         Objektivní nález:
E         - TK 142/88 mmHg, puls 80/min.
E         - Neurologicky bez ložiskového nálezu.
E         
E         Hodnocení (pracovní diagnóza / klinický závěr):
E         - Neuvedeno.
E         
E         Návrh vyšetření:
E         - Laboratorní odběry.
E         
E         Návrh terapie:
E         - Krátkodobě analgetikum (ibuprofen 400 mg) při bolesti.
E         - Doplnit pitný režim.
E         - Omezit práci u monitoru bez přestávek.
E         
E         Pokyny a plán kontrol:
E         - Kontrola za deset dní.
E         - Při náhlé silné bolesti, poruše řeči nebo slabosti končetin ihned vyhledat lékaře.
E       assert ('neuvedeno' in '- spolupráce dobrá, pacient rozumí doporučením.' or not True)

tests/test_prompt_fixes.py:240: AssertionError
=============================== warnings summary ===============================
backend/tests/test_prompt_fixes.py::test_no_song_or_offtopic_in_report[S Hurv\xednkem za l\xe9ka\u0159em   1  D\xedl   Nachlazen\xed]
  /Users/ivananikin/Documents/Ivanek-Anakin/ANOTE_mobile/.venv/lib/python3.14/site-packages/openai/_compat.py:48: UserWarning: Core Pydantic V1 functionality isn't compatible with Python 3.14 or greater.
    from pydantic.v1.typing import (

-- Docs: https://docs.pytest.org/en/stable/how-to/capture-warnings.html
=========================== short test summary info ============================
FAILED tests/test_prompt_fixes.py::test_no_song_or_offtopic_in_report[S Hurv\xednkem za l\xe9ka\u0159em   1  D\xedl   Nachlazen\xed]
FAILED tests/test_prompt_fixes.py::test_objective_findings_in_correct_section[cz_objective_in_dialogue]
FAILED tests/test_prompt_fixes.py::test_no_cooperation_boilerplate_when_absent
============== 3 failed, 7 passed, 1 xfailed, 1 warning in 40.00s ==============
