============================= test session starts ==============================
platform darwin -- Python 3.14.3, pytest-9.0.2, pluggy-1.6.0 -- /Users/ivananikin/Documents/Ivanek-Anakin/ANOTE_mobile/.venv/bin/python
cachedir: .pytest_cache
rootdir: /Users/ivananikin/Documents/Ivanek-Anakin/ANOTE_mobile
configfile: pytest.ini
plugins: anyio-4.12.1
collecting ... collected 11 items

tests/test_prompt_fixes.py::test_no_song_or_offtopic_in_report[S Hurv\xednkem za l\xe9ka\u0159em   1  D\xedl   Nachlazen\xed] PASSED [  9%]
tests/test_prompt_fixes.py::test_no_song_or_offtopic_in_report[S Hurv\xednkem za l\xe9ka\u0159em   2  D\xedl   Zlomenina] PASSED [ 18%]
tests/test_prompt_fixes.py::test_no_song_or_offtopic_in_report[S Hurv\xednkem za l\xe9ka\u0159em 08 Ang\xedna] PASSED [ 27%]
tests/test_prompt_fixes.py::test_objective_findings_in_correct_section[S Hurv\xednkem za l\xe9ka\u0159em   1  D\xedl   Nachlazen\xed] PASSED [ 36%]
tests/test_prompt_fixes.py::test_objective_findings_in_correct_section[S Hurv\xednkem za l\xe9ka\u0159em   2  D\xedl   Zlomenina] PASSED [ 45%]
tests/test_prompt_fixes.py::test_objective_findings_in_correct_section[S Hurv\xednkem za l\xe9ka\u0159em 08 Ang\xedna] PASSED [ 54%]
tests/test_prompt_fixes.py::test_objective_findings_in_correct_section[cz_objective_in_dialogue] PASSED [ 63%]
tests/test_prompt_fixes.py::test_jar_allergy_no_pollen_inference PASSED  [ 72%]
tests/test_prompt_fixes.py::test_jar_allergy_aa_section_names_jar_strict XFAIL [ 81%]
tests/test_prompt_fixes.py::test_no_cooperation_boilerplate_when_absent PASSED [ 90%]
tests/test_prompt_fixes.py::test_dosage_preserved_verbatim PASSED        [100%]

=============================== warnings summary ===============================
backend/tests/test_prompt_fixes.py::test_no_song_or_offtopic_in_report[S Hurv\xednkem za l\xe9ka\u0159em   1  D\xedl   Nachlazen\xed]
  /Users/ivananikin/Documents/Ivanek-Anakin/ANOTE_mobile/.venv/lib/python3.14/site-packages/openai/_compat.py:48: UserWarning: Core Pydantic V1 functionality isn't compatible with Python 3.14 or greater.
    from pydantic.v1.typing import (

-- Docs: https://docs.pytest.org/en/stable/how-to/capture-warnings.html
================== 10 passed, 1 xfailed, 1 warning in 36.87s ===================
